Arguments: 
  /home/osmar/.nvm/versions/node/v13.14.0/bin/node /usr/share/yarn/bin/yarn.js add -D @babel/preset-env @babel/preset-typescript @serialport/binding-mock @serialport/stream @types/express @types/morgan @types/node @typescript-eslint/eslint-plugin @typescript-eslint/parser cross-env eslint eslint-config-prettier eslint-config-standard eslint-plugin-import eslint-plugin-n eslint-plugin-promise nodemon prettier ts-node-dev typescript -ignore-engines

PATH: 
  /home/osmar/.nvm/versions/node/v13.14.0/bin:/usr/local/sbin:/usr/local/bin:/usr/sbin:/usr/bin:/sbin:/bin:/usr/games:/usr/local/games:/snap/bin

Yarn version: 
  1.22.19

Node version: 
  13.14.0

Platform: 
  linux x64

Trace: 
  Error: https://registry.yarnpkg.com/-e: Not found
      at Request.params.callback [as _callback] (/usr/share/yarn/lib/cli.js:66145:18)
      at Request.self.callback (/usr/share/yarn/lib/cli.js:140890:22)
      at Request.emit (events.js:315:20)
      at Request.<anonymous> (/usr/share/yarn/lib/cli.js:141862:10)
      at Request.emit (events.js:315:20)
      at IncomingMessage.<anonymous> (/usr/share/yarn/lib/cli.js:141784:12)
      at Object.onceWrapper (events.js:421:28)
      at IncomingMessage.emit (events.js:327:22)
      at endReadableNT (_stream_readable.js:1201:12)
      at processTicksAndRejections (internal/process/task_queues.js:84:21)

npm manifest: 
  {
    "name": "backend",
    "version": "1.0.0",
    "main": "index.js",
    "license": "MIT",
    "scripts": {
      "start": "node ./dist/index.js",
      "dev": "NODE_ENV=development nodemon ./src/index.ts",
      "build": "tsc",
      "eslint": "eslint ."
    },
    "devDependencies": {
      "@babel/preset-env": "^7.19.4",
      "@babel/preset-typescript": "^7.18.6",
      "@serialport/binding-mock": "^10.2.2",
      "@serialport/stream": "^10.3.0",
      "@types/express": "^4.17.14",
      "@types/morgan": "^1.9.3",
      "@types/node": "^18.11.6",
      "@typescript-eslint/eslint-plugin": "^5.41.0",
      "@typescript-eslint/parser": "^5.41.0",
      "cross-env": "^7.0.3",
      "eslint": "^8.26.0",
      "eslint-config-prettier": "^8.5.0",
      "eslint-config-standard": "^17.0.0",
      "eslint-plugin-import": "^2.26.0",
      "eslint-plugin-n": "^15.3.0",
      "eslint-plugin-promise": "^6.1.1",
      "nodemon": "^2.0.20",
      "prettier": "^2.7.1",
      "ts-node-dev": "^2.0.0",
      "typescript": "^4.8.4"
    },
    "dependencies": {
      "cors": "^2.8.5",
      "dotenv": "^16.0.3",
      "express": "^4.18.2",
      "morgan": "^1.10.0",
      "serialport": "^10.4.0"
    },
    "eslintConfig": {
      "env": {
        "jest": true
      }
    }
  }

yarn manifest: 
  No manifest

Lockfile: 
  No lockfile
